\BOOKMARK [1][-]{section.1}{Introduction}{}% 1
\BOOKMARK [1][-]{section.2}{Literature Review}{}% 2
\BOOKMARK [1][-]{section.3}{Background}{}% 3
\BOOKMARK [2][-]{subsection.3.1}{Curse of Dimensionality}{section.3}% 4
\BOOKMARK [2][-]{subsection.3.2}{Dimensionality Reduction}{section.3}% 5
\BOOKMARK [3][-]{subsubsection.3.2.1}{Principal Component Analysis and Classical Scaling}{subsection.3.2}% 6
\BOOKMARK [3][-]{subsubsection.3.2.2}{Isomap}{subsection.3.2}% 7
\BOOKMARK [3][-]{subsubsection.3.2.3}{Kernel PCA}{subsection.3.2}% 8
\BOOKMARK [3][-]{subsubsection.3.2.4}{Maximum Variance Unfolding}{subsection.3.2}% 9
\BOOKMARK [3][-]{subsubsection.3.2.5}{Diffusion Maps}{subsection.3.2}% 10
\BOOKMARK [2][-]{subsection.3.3}{Supervised Learning and Neural Networks}{section.3}% 11
\BOOKMARK [3][-]{subsubsection.3.3.1}{Na\357ve Bayes}{subsection.3.3}% 12
\BOOKMARK [3][-]{subsubsection.3.3.2}{Support Vector Machine}{subsection.3.3}% 13
\BOOKMARK [3][-]{subsubsection.3.3.3}{Neural Network}{subsection.3.3}% 14
\BOOKMARK [2][-]{subsection.3.4}{Data Structure}{section.3}% 15
\BOOKMARK [1][-]{section.4}{Proposed Methodology}{}% 16
\BOOKMARK [2][-]{subsection.4.1}{Image Pre-Processing}{section.4}% 17
\BOOKMARK [2][-]{subsection.4.2}{Dimensionality Reduction}{section.4}% 18
\BOOKMARK [3][-]{subsubsection.4.2.1}{Principal Component Analysis}{subsection.4.2}% 19
\BOOKMARK [3][-]{subsubsection.4.2.2}{Kernel Principal Component Analysis}{subsection.4.2}% 20
\BOOKMARK [3][-]{subsubsection.4.2.3}{Maximum Variance Unfolding}{subsection.4.2}% 21
\BOOKMARK [2][-]{subsection.4.3}{Neural Network}{section.4}% 22
\BOOKMARK [1][-]{section.5}{Preliminary Results}{}% 23
\BOOKMARK [2][-]{subsection.5.1}{Image Pre-Processing}{section.5}% 24
\BOOKMARK [2][-]{subsection.5.2}{Data Structure}{section.5}% 25
\BOOKMARK [1][-]{section.6}{Time Management and Milestones}{}% 26
\BOOKMARK [1][-]{section.7}{Conclusion}{}% 27
